# JRE version: Java(TM) SE Runtime Environment (8.0_261-b12) (build 1.8.0_261-b12)
# Java VM: Java HotSpot(TM) 64-Bit Server VM (25.261-b12 mixed mode windows-amd64 compressed oops)
Heap:
 PSYoungGen      total 24576K, used 1814K [0x00000000eab00000, 0x00000000f7880000, 0x0000000100000000)
  eden space 24064K, 7% used [0x00000000eab00000,0x00000000eaca5a30,0x00000000ec280000)
  from space 512K, 25% used [0x00000000f7780000,0x00000000f77a0000,0x00000000f7800000)
  to   space 512K, 0% used [0x00000000f7800000,0x00000000f7800000,0x00000000f7880000)
 ParOldGen       total 86016K, used 72691K [0x00000000c0000000, 0x00000000c5400000, 0x00000000eab00000)
  object space 86016K, 84% used [0x00000000c0000000,0x00000000c46fcd80,0x00000000c5400000)
 Metaspace       used 13935K, capacity 14580K, committed 14848K, reserved 1062912K
  class space    used 2074K, capacity 2249K, committed 2304K, reserved 1048576K
GC Heap History (10 events):
Event: 93.305 GC heap before
{Heap before GC invocations=642 (full 15):
 PSYoungGen      total 24576K, used 24192K [0x00000000eab00000, 0x00000000f7880000, 0x0000000100000000)
  eden space 24064K, 100% used [0x00000000eab00000,0x00000000ec280000,0x00000000ec280000)
  from space 512K, 25% used [0x00000000f7800000,0x00000000f7820000,0x00000000f7880000)
  to   space 512K, 0% used [0x00000000f7780000,0x00000000f7780000,0x00000000f7800000)
 ParOldGen       total 86016K, used 72691K [0x00000000c0000000, 0x00000000c5400000, 0x00000000eab00000)
  object space 86016K, 84% used [0x00000000c0000000,0x00000000c46fcd80,0x00000000c5400000)
 Metaspace       used 13930K, capacity 14580K, committed 14848K, reserved 1062912K
  class space    used 2072K, capacity 2249K, committed 2304K, reserved 1048576K
Event: 93.305 GC heap after
Heap after GC invocations=642 (full 15):
 PSYoungGen      total 24576K, used 128K [0x00000000eab00000, 0x00000000f7880000, 0x0000000100000000)
  eden space 24064K, 0% used [0x00000000eab00000,0x00000000eab00000,0x00000000ec280000)
  from space 512K, 25% used [0x00000000f7780000,0x00000000f77a0000,0x00000000f7800000)
  to   space 512K, 0% used [0x00000000f7800000,0x00000000f7800000,0x00000000f7880000)
 ParOldGen       total 86016K, used 72691K [0x00000000c0000000, 0x00000000c5400000, 0x00000000eab00000)
  object space 86016K, 84% used [0x00000000c0000000,0x00000000c46fcd80,0x00000000c5400000)
 Metaspace       used 13930K, capacity 14580K, committed 14848K, reserved 1062912K
  class space    used 2072K, capacity 2249K, committed 2304K, reserved 1048576K
}
Event: 93.427 GC heap before
{Heap before GC invocations=643 (full 15):
 PSYoungGen      total 24576K, used 24192K [0x00000000eab00000, 0x00000000f7880000, 0x0000000100000000)
  eden space 24064K, 100% used [0x00000000eab00000,0x00000000ec280000,0x00000000ec280000)
  from space 512K, 25% used [0x00000000f7780000,0x00000000f77a0000,0x00000000f7800000)
  to   space 512K, 0% used [0x00000000f7800000,0x00000000f7800000,0x00000000f7880000)
 ParOldGen       total 86016K, used 72691K [0x00000000c0000000, 0x00000000c5400000, 0x00000000eab00000)
  object space 86016K, 84% used [0x00000000c0000000,0x00000000c46fcd80,0x00000000c5400000)
 Metaspace       used 13930K, capacity 14580K, committed 14848K, reserved 1062912K
  class space    used 2072K, capacity 2249K, committed 2304K, reserved 1048576K
Event: 93.428 GC heap after
Heap after GC invocations=643 (full 15):
 PSYoungGen      total 24576K, used 128K [0x00000000eab00000, 0x00000000f7880000, 0x0000000100000000)
  eden space 24064K, 0% used [0x00000000eab00000,0x00000000eab00000,0x00000000ec280000)
  from space 512K, 25% used [0x00000000f7800000,0x00000000f7820000,0x00000000f7880000)
  to   space 512K, 0% used [0x00000000f7780000,0x00000000f7780000,0x00000000f7800000)
 ParOldGen       total 86016K, used 72691K [0x00000000c0000000, 0x00000000c5400000, 0x00000000eab00000)
  object space 86016K, 84% used [0x00000000c0000000,0x00000000c46fcd80,0x00000000c5400000)
 Metaspace       used 13930K, capacity 14580K, committed 14848K, reserved 1062912K
  class space    used 2072K, capacity 2249K, committed 2304K, reserved 1048576K
}
Event: 93.550 GC heap before
{Heap before GC invocations=644 (full 15):
 PSYoungGen      total 24576K, used 24191K [0x00000000eab00000, 0x00000000f7880000, 0x0000000100000000)
  eden space 24064K, 99% used [0x00000000eab00000,0x00000000ec27ffd0,0x00000000ec280000)
  from space 512K, 25% used [0x00000000f7800000,0x00000000f7820000,0x00000000f7880000)
  to   space 512K, 0% used [0x00000000f7780000,0x00000000f7780000,0x00000000f7800000)
 ParOldGen       total 86016K, used 72691K [0x00000000c0000000, 0x00000000c5400000, 0x00000000eab00000)
  object space 86016K, 84% used [0x00000000c0000000,0x00000000c46fcd80,0x00000000c5400000)
 Metaspace       used 13930K, capacity 14580K, committed 14848K, reserved 1062912K
  class space    used 2072K, capacity 2249K, committed 2304K, reserved 1048576K
Event: 93.551 GC heap after
Heap after GC invocations=644 (full 15):
 PSYoungGen      total 24576K, used 96K [0x00000000eab00000, 0x00000000f7880000, 0x0000000100000000)
  eden space 24064K, 0% used [0x00000000eab00000,0x00000000eab00000,0x00000000ec280000)
  from space 512K, 18% used [0x00000000f7780000,0x00000000f7798000,0x00000000f7800000)
  to   space 512K, 0% used [0x00000000f7800000,0x00000000f7800000,0x00000000f7880000)
 ParOldGen       total 86016K, used 72691K [0x00000000c0000000, 0x00000000c5400000, 0x00000000eab00000)
  object space 86016K, 84% used [0x00000000c0000000,0x00000000c46fcd80,0x00000000c5400000)
 Metaspace       used 13930K, capacity 14580K, committed 14848K, reserved 1062912K
  class space    used 2072K, capacity 2249K, committed 2304K, reserved 1048576K
}
Event: 93.671 GC heap before
{Heap before GC invocations=645 (full 15):
 PSYoungGen      total 24576K, used 24160K [0x00000000eab00000, 0x00000000f7880000, 0x0000000100000000)
  eden space 24064K, 100% used [0x00000000eab00000,0x00000000ec280000,0x00000000ec280000)
  from space 512K, 18% used [0x00000000f7780000,0x00000000f7798000,0x00000000f7800000)
  to   space 512K, 0% used [0x00000000f7800000,0x00000000f7800000,0x00000000f7880000)
 ParOldGen       total 86016K, used 72691K [0x00000000c0000000, 0x00000000c5400000, 0x00000000eab00000)
  object space 86016K, 84% used [0x00000000c0000000,0x00000000c46fcd80,0x00000000c5400000)
 Metaspace       used 13930K, capacity 14580K, committed 14848K, reserved 1062912K
  class space    used 2072K, capacity 2249K, committed 2304K, reserved 1048576K
Event: 93.671 GC heap after
Heap after GC invocations=645 (full 15):
 PSYoungGen      total 24576K, used 128K [0x00000000eab00000, 0x00000000f7880000, 0x0000000100000000)
  eden space 24064K, 0% used [0x00000000eab00000,0x00000000eab00000,0x00000000ec280000)
  from space 512K, 25% used [0x00000000f7800000,0x00000000f7820000,0x00000000f7880000)
  to   space 512K, 0% used [0x00000000f7780000,0x00000000f7780000,0x00000000f7800000)
 ParOldGen       total 86016K, used 72691K [0x00000000c0000000, 0x00000000c5400000, 0x00000000eab00000)
  object space 86016K, 84% used [0x00000000c0000000,0x00000000c46fcd80,0x00000000c5400000)
 Metaspace       used 13930K, capacity 14580K, committed 14848K, reserved 1062912K
  class space    used 2072K, capacity 2249K, committed 2304K, reserved 1048576K
}
Event: 93.796 GC heap before
{Heap before GC invocations=646 (full 15):
 PSYoungGen      total 24576K, used 24192K [0x00000000eab00000, 0x00000000f7880000, 0x0000000100000000)
  eden space 24064K, 100% used [0x00000000eab00000,0x00000000ec280000,0x00000000ec280000)
  from space 512K, 25% used [0x00000000f7800000,0x00000000f7820000,0x00000000f7880000)
  to   space 512K, 0% used [0x00000000f7780000,0x00000000f7780000,0x00000000f7800000)
 ParOldGen       total 86016K, used 72691K [0x00000000c0000000, 0x00000000c5400000, 0x00000000eab00000)
  object space 86016K, 84% used [0x00000000c0000000,0x00000000c46fcd80,0x00000000c5400000)
 Metaspace       used 13930K, capacity 14580K, committed 14848K, reserved 1062912K
  class space    used 2072K, capacity 2249K, committed 2304K, reserved 1048576K
Event: 93.797 GC heap after
Heap after GC invocations=646 (full 15):
 PSYoungGen      total 24576K, used 128K [0x00000000eab00000, 0x00000000f7880000, 0x0000000100000000)
  eden space 24064K, 0% used [0x00000000eab00000,0x00000000eab00000,0x00000000ec280000)
  from space 512K, 25% used [0x00000000f7780000,0x00000000f77a0000,0x00000000f7800000)
  to   space 512K, 0% used [0x00000000f7800000,0x00000000f7800000,0x00000000f7880000)
 ParOldGen       total 86016K, used 72691K [0x00000000c0000000, 0x00000000c5400000, 0x00000000eab00000)
  object space 86016K, 84% used [0x00000000c0000000,0x00000000c46fcd80,0x00000000c5400000)
 Metaspace       used 13930K, capacity 14580K, committed 14848K, reserved 1062912K
  class space    used 2072K, capacity 2249K, committed 2304K, reserved 1048576K
}

