# JRE version: Java(TM) SE Runtime Environment (8.0_261-b12) (build 1.8.0_261-b12)
# Java VM: Java HotSpot(TM) 64-Bit Server VM (25.261-b12 mixed mode windows-amd64 compressed oops)
Heap:
 PSYoungGen      total 39936K, used 1568K [0x00000000eab00000, 0x00000000f7a80000, 0x0000000100000000)
  eden space 39424K, 3% used [0x00000000eab00000,0x00000000eac88000,0x00000000ed180000)
  from space 512K, 0% used [0x00000000f7980000,0x00000000f7980000,0x00000000f7a00000)
  to   space 512K, 0% used [0x00000000f7a00000,0x00000000f7a00000,0x00000000f7a80000)
 ParOldGen       total 86016K, used 72507K [0x00000000c0000000, 0x00000000c5400000, 0x00000000eab00000)
  object space 86016K, 84% used [0x00000000c0000000,0x00000000c46ceea0,0x00000000c5400000)
 Metaspace       used 13958K, capacity 14580K, committed 14848K, reserved 1062912K
  class space    used 2085K, capacity 2249K, committed 2304K, reserved 1048576K
GC Heap History (10 events):
Event: 431.046 GC heap before
{Heap before GC invocations=2416 (full 29):
 PSYoungGen      total 39936K, used 64K [0x00000000eab00000, 0x00000000f7a80000, 0x0000000100000000)
  eden space 39424K, 0% used [0x00000000eab00000,0x00000000eab00000,0x00000000ed180000)
  from space 512K, 12% used [0x00000000f7980000,0x00000000f7990000,0x00000000f7a00000)
  to   space 512K, 0% used [0x00000000f7a00000,0x00000000f7a00000,0x00000000f7a80000)
 ParOldGen       total 86016K, used 72507K [0x00000000c0000000, 0x00000000c5400000, 0x00000000eab00000)
  object space 86016K, 84% used [0x00000000c0000000,0x00000000c46ceea0,0x00000000c5400000)
 Metaspace       used 13944K, capacity 14580K, committed 14848K, reserved 1062912K
  class space    used 2082K, capacity 2249K, committed 2304K, reserved 1048576K
Event: 431.134 GC heap after
Heap after GC invocations=2416 (full 29):
 PSYoungGen      total 39936K, used 0K [0x00000000eab00000, 0x00000000f7a80000, 0x0000000100000000)
  eden space 39424K, 0% used [0x00000000eab00000,0x00000000eab00000,0x00000000ed180000)
  from space 512K, 0% used [0x00000000f7980000,0x00000000f7980000,0x00000000f7a00000)
  to   space 512K, 0% used [0x00000000f7a00000,0x00000000f7a00000,0x00000000f7a80000)
 ParOldGen       total 86016K, used 72507K [0x00000000c0000000, 0x00000000c5400000, 0x00000000eab00000)
  object space 86016K, 84% used [0x00000000c0000000,0x00000000c46ceea0,0x00000000c5400000)
 Metaspace       used 13944K, capacity 14580K, committed 14848K, reserved 1062912K
  class space    used 2082K, capacity 2249K, committed 2304K, reserved 1048576K
}
Event: 440.507 GC heap before
{Heap before GC invocations=2417 (full 29):
 PSYoungGen      total 39936K, used 2K [0x00000000eab00000, 0x00000000f7a80000, 0x0000000100000000)
  eden space 39424K, 0% used [0x00000000eab00000,0x00000000eab00810,0x00000000ed180000)
  from space 512K, 0% used [0x00000000f7980000,0x00000000f7980000,0x00000000f7a00000)
  to   space 512K, 0% used [0x00000000f7a00000,0x00000000f7a00000,0x00000000f7a80000)
 ParOldGen       total 86016K, used 72507K [0x00000000c0000000, 0x00000000c5400000, 0x00000000eab00000)
  object space 86016K, 84% used [0x00000000c0000000,0x00000000c46ceea0,0x00000000c5400000)
 Metaspace       used 13944K, capacity 14580K, committed 14848K, reserved 1062912K
  class space    used 2082K, capacity 2249K, committed 2304K, reserved 1048576K
Event: 440.507 GC heap after
Heap after GC invocations=2417 (full 29):
 PSYoungGen      total 39936K, used 64K [0x00000000eab00000, 0x00000000f7a80000, 0x0000000100000000)
  eden space 39424K, 0% used [0x00000000eab00000,0x00000000eab00000,0x00000000ed180000)
  from space 512K, 12% used [0x00000000f7a00000,0x00000000f7a10000,0x00000000f7a80000)
  to   space 512K, 0% used [0x00000000f7980000,0x00000000f7980000,0x00000000f7a00000)
 ParOldGen       total 86016K, used 72507K [0x00000000c0000000, 0x00000000c5400000, 0x00000000eab00000)
  object space 86016K, 84% used [0x00000000c0000000,0x00000000c46ceea0,0x00000000c5400000)
 Metaspace       used 13944K, capacity 14580K, committed 14848K, reserved 1062912K
  class space    used 2082K, capacity 2249K, committed 2304K, reserved 1048576K
}
Event: 440.507 GC heap before
{Heap before GC invocations=2418 (full 30):
 PSYoungGen      total 39936K, used 64K [0x00000000eab00000, 0x00000000f7a80000, 0x0000000100000000)
  eden space 39424K, 0% used [0x00000000eab00000,0x00000000eab00000,0x00000000ed180000)
  from space 512K, 12% used [0x00000000f7a00000,0x00000000f7a10000,0x00000000f7a80000)
  to   space 512K, 0% used [0x00000000f7980000,0x00000000f7980000,0x00000000f7a00000)
 ParOldGen       total 86016K, used 72507K [0x00000000c0000000, 0x00000000c5400000, 0x00000000eab00000)
  object space 86016K, 84% used [0x00000000c0000000,0x00000000c46ceea0,0x00000000c5400000)
 Metaspace       used 13944K, capacity 14580K, committed 14848K, reserved 1062912K
  class space    used 2082K, capacity 2249K, committed 2304K, reserved 1048576K
Event: 440.592 GC heap after
Heap after GC invocations=2418 (full 30):
 PSYoungGen      total 39936K, used 0K [0x00000000eab00000, 0x00000000f7a80000, 0x0000000100000000)
  eden space 39424K, 0% used [0x00000000eab00000,0x00000000eab00000,0x00000000ed180000)
  from space 512K, 0% used [0x00000000f7a00000,0x00000000f7a00000,0x00000000f7a80000)
  to   space 512K, 0% used [0x00000000f7980000,0x00000000f7980000,0x00000000f7a00000)
 ParOldGen       total 86016K, used 72507K [0x00000000c0000000, 0x00000000c5400000, 0x00000000eab00000)
  object space 86016K, 84% used [0x00000000c0000000,0x00000000c46ceea0,0x00000000c5400000)
 Metaspace       used 13944K, capacity 14580K, committed 14848K, reserved 1062912K
  class space    used 2082K, capacity 2249K, committed 2304K, reserved 1048576K
}
Event: 688.406 GC heap before
{Heap before GC invocations=2419 (full 30):
 PSYoungGen      total 39936K, used 2K [0x00000000eab00000, 0x00000000f7a80000, 0x0000000100000000)
  eden space 39424K, 0% used [0x00000000eab00000,0x00000000eab00810,0x00000000ed180000)
  from space 512K, 0% used [0x00000000f7a00000,0x00000000f7a00000,0x00000000f7a80000)
  to   space 512K, 0% used [0x00000000f7980000,0x00000000f7980000,0x00000000f7a00000)
 ParOldGen       total 86016K, used 72507K [0x00000000c0000000, 0x00000000c5400000, 0x00000000eab00000)
  object space 86016K, 84% used [0x00000000c0000000,0x00000000c46ceea0,0x00000000c5400000)
 Metaspace       used 13944K, capacity 14580K, committed 14848K, reserved 1062912K
  class space    used 2082K, capacity 2249K, committed 2304K, reserved 1048576K
Event: 688.407 GC heap after
Heap after GC invocations=2419 (full 30):
 PSYoungGen      total 39936K, used 64K [0x00000000eab00000, 0x00000000f7a80000, 0x0000000100000000)
  eden space 39424K, 0% used [0x00000000eab00000,0x00000000eab00000,0x00000000ed180000)
  from space 512K, 12% used [0x00000000f7980000,0x00000000f7990000,0x00000000f7a00000)
  to   space 512K, 0% used [0x00000000f7a00000,0x00000000f7a00000,0x00000000f7a80000)
 ParOldGen       total 86016K, used 72507K [0x00000000c0000000, 0x00000000c5400000, 0x00000000eab00000)
  object space 86016K, 84% used [0x00000000c0000000,0x00000000c46ceea0,0x00000000c5400000)
 Metaspace       used 13944K, capacity 14580K, committed 14848K, reserved 1062912K
  class space    used 2082K, capacity 2249K, committed 2304K, reserved 1048576K
}
Event: 688.407 GC heap before
{Heap before GC invocations=2420 (full 31):
 PSYoungGen      total 39936K, used 64K [0x00000000eab00000, 0x00000000f7a80000, 0x0000000100000000)
  eden space 39424K, 0% used [0x00000000eab00000,0x00000000eab00000,0x00000000ed180000)
  from space 512K, 12% used [0x00000000f7980000,0x00000000f7990000,0x00000000f7a00000)
  to   space 512K, 0% used [0x00000000f7a00000,0x00000000f7a00000,0x00000000f7a80000)
 ParOldGen       total 86016K, used 72507K [0x00000000c0000000, 0x00000000c5400000, 0x00000000eab00000)
  object space 86016K, 84% used [0x00000000c0000000,0x00000000c46ceea0,0x00000000c5400000)
 Metaspace       used 13944K, capacity 14580K, committed 14848K, reserved 1062912K
  class space    used 2082K, capacity 2249K, committed 2304K, reserved 1048576K
Event: 688.492 GC heap after
Heap after GC invocations=2420 (full 31):
 PSYoungGen      total 39936K, used 0K [0x00000000eab00000, 0x00000000f7a80000, 0x0000000100000000)
  eden space 39424K, 0% used [0x00000000eab00000,0x00000000eab00000,0x00000000ed180000)
  from space 512K, 0% used [0x00000000f7980000,0x00000000f7980000,0x00000000f7a00000)
  to   space 512K, 0% used [0x00000000f7a00000,0x00000000f7a00000,0x00000000f7a80000)
 ParOldGen       total 86016K, used 72507K [0x00000000c0000000, 0x00000000c5400000, 0x00000000eab00000)
  object space 86016K, 84% used [0x00000000c0000000,0x00000000c46ceea0,0x00000000c5400000)
 Metaspace       used 13944K, capacity 14580K, committed 14848K, reserved 1062912K
  class space    used 2082K, capacity 2249K, committed 2304K, reserved 1048576K
}

