# JRE version: Java(TM) SE Runtime Environment (8.0_261-b12) (build 1.8.0_261-b12)
# Java VM: Java HotSpot(TM) 64-Bit Server VM (25.261-b12 mixed mode windows-amd64 compressed oops)
Heap:
 PSYoungGen      total 39936K, used 1573K [0x00000000eab00000, 0x00000000f7b00000, 0x0000000100000000)
  eden space 39424K, 3% used [0x00000000eab00000,0x00000000eac895a8,0x00000000ed180000)
  from space 512K, 0% used [0x00000000f7a80000,0x00000000f7a80000,0x00000000f7b00000)
  to   space 512K, 0% used [0x00000000f7a00000,0x00000000f7a00000,0x00000000f7a80000)
 ParOldGen       total 86016K, used 72497K [0x00000000c0000000, 0x00000000c5400000, 0x00000000eab00000)
  object space 86016K, 84% used [0x00000000c0000000,0x00000000c46cc750,0x00000000c5400000)
 Metaspace       used 13960K, capacity 14580K, committed 14848K, reserved 1062912K
  class space    used 2085K, capacity 2249K, committed 2304K, reserved 1048576K
GC Heap History (10 events):
Event: 365.503 GC heap before
{Heap before GC invocations=2416 (full 30):
 PSYoungGen      total 39936K, used 64K [0x00000000eab00000, 0x00000000f7b00000, 0x0000000100000000)
  eden space 39424K, 0% used [0x00000000eab00000,0x00000000eab00000,0x00000000ed180000)
  from space 512K, 12% used [0x00000000f7a80000,0x00000000f7a90000,0x00000000f7b00000)
  to   space 512K, 0% used [0x00000000f7a00000,0x00000000f7a00000,0x00000000f7a80000)
 ParOldGen       total 86016K, used 72497K [0x00000000c0000000, 0x00000000c5400000, 0x00000000eab00000)
  object space 86016K, 84% used [0x00000000c0000000,0x00000000c46cc750,0x00000000c5400000)
 Metaspace       used 13947K, capacity 14580K, committed 14848K, reserved 1062912K
  class space    used 2083K, capacity 2249K, committed 2304K, reserved 1048576K
Event: 365.599 GC heap after
Heap after GC invocations=2416 (full 30):
 PSYoungGen      total 39936K, used 0K [0x00000000eab00000, 0x00000000f7b00000, 0x0000000100000000)
  eden space 39424K, 0% used [0x00000000eab00000,0x00000000eab00000,0x00000000ed180000)
  from space 512K, 0% used [0x00000000f7a80000,0x00000000f7a80000,0x00000000f7b00000)
  to   space 512K, 0% used [0x00000000f7a00000,0x00000000f7a00000,0x00000000f7a80000)
 ParOldGen       total 86016K, used 72497K [0x00000000c0000000, 0x00000000c5400000, 0x00000000eab00000)
  object space 86016K, 84% used [0x00000000c0000000,0x00000000c46cc750,0x00000000c5400000)
 Metaspace       used 13947K, capacity 14580K, committed 14848K, reserved 1062912K
  class space    used 2083K, capacity 2249K, committed 2304K, reserved 1048576K
}
Event: 533.180 GC heap before
{Heap before GC invocations=2417 (full 30):
 PSYoungGen      total 39936K, used 2K [0x00000000eab00000, 0x00000000f7b00000, 0x0000000100000000)
  eden space 39424K, 0% used [0x00000000eab00000,0x00000000eab00810,0x00000000ed180000)
  from space 512K, 0% used [0x00000000f7a80000,0x00000000f7a80000,0x00000000f7b00000)
  to   space 512K, 0% used [0x00000000f7a00000,0x00000000f7a00000,0x00000000f7a80000)
 ParOldGen       total 86016K, used 72497K [0x00000000c0000000, 0x00000000c5400000, 0x00000000eab00000)
  object space 86016K, 84% used [0x00000000c0000000,0x00000000c46cc750,0x00000000c5400000)
 Metaspace       used 13947K, capacity 14580K, committed 14848K, reserved 1062912K
  class space    used 2083K, capacity 2249K, committed 2304K, reserved 1048576K
Event: 533.181 GC heap after
Heap after GC invocations=2417 (full 30):
 PSYoungGen      total 39936K, used 64K [0x00000000eab00000, 0x00000000f7b00000, 0x0000000100000000)
  eden space 39424K, 0% used [0x00000000eab00000,0x00000000eab00000,0x00000000ed180000)
  from space 512K, 12% used [0x00000000f7a00000,0x00000000f7a10000,0x00000000f7a80000)
  to   space 512K, 0% used [0x00000000f7a80000,0x00000000f7a80000,0x00000000f7b00000)
 ParOldGen       total 86016K, used 72497K [0x00000000c0000000, 0x00000000c5400000, 0x00000000eab00000)
  object space 86016K, 84% used [0x00000000c0000000,0x00000000c46cc750,0x00000000c5400000)
 Metaspace       used 13947K, capacity 14580K, committed 14848K, reserved 1062912K
  class space    used 2083K, capacity 2249K, committed 2304K, reserved 1048576K
}
Event: 533.181 GC heap before
{Heap before GC invocations=2418 (full 31):
 PSYoungGen      total 39936K, used 64K [0x00000000eab00000, 0x00000000f7b00000, 0x0000000100000000)
  eden space 39424K, 0% used [0x00000000eab00000,0x00000000eab00000,0x00000000ed180000)
  from space 512K, 12% used [0x00000000f7a00000,0x00000000f7a10000,0x00000000f7a80000)
  to   space 512K, 0% used [0x00000000f7a80000,0x00000000f7a80000,0x00000000f7b00000)
 ParOldGen       total 86016K, used 72497K [0x00000000c0000000, 0x00000000c5400000, 0x00000000eab00000)
  object space 86016K, 84% used [0x00000000c0000000,0x00000000c46cc750,0x00000000c5400000)
 Metaspace       used 13947K, capacity 14580K, committed 14848K, reserved 1062912K
  class space    used 2083K, capacity 2249K, committed 2304K, reserved 1048576K
Event: 533.278 GC heap after
Heap after GC invocations=2418 (full 31):
 PSYoungGen      total 39936K, used 0K [0x00000000eab00000, 0x00000000f7b00000, 0x0000000100000000)
  eden space 39424K, 0% used [0x00000000eab00000,0x00000000eab00000,0x00000000ed180000)
  from space 512K, 0% used [0x00000000f7a00000,0x00000000f7a00000,0x00000000f7a80000)
  to   space 512K, 0% used [0x00000000f7a80000,0x00000000f7a80000,0x00000000f7b00000)
 ParOldGen       total 86016K, used 72497K [0x00000000c0000000, 0x00000000c5400000, 0x00000000eab00000)
  object space 86016K, 84% used [0x00000000c0000000,0x00000000c46cc750,0x00000000c5400000)
 Metaspace       used 13947K, capacity 14580K, committed 14848K, reserved 1062912K
  class space    used 2083K, capacity 2249K, committed 2304K, reserved 1048576K
}
Event: 621.742 GC heap before
{Heap before GC invocations=2419 (full 31):
 PSYoungGen      total 39936K, used 2K [0x00000000eab00000, 0x00000000f7b00000, 0x0000000100000000)
  eden space 39424K, 0% used [0x00000000eab00000,0x00000000eab00810,0x00000000ed180000)
  from space 512K, 0% used [0x00000000f7a00000,0x00000000f7a00000,0x00000000f7a80000)
  to   space 512K, 0% used [0x00000000f7a80000,0x00000000f7a80000,0x00000000f7b00000)
 ParOldGen       total 86016K, used 72497K [0x00000000c0000000, 0x00000000c5400000, 0x00000000eab00000)
  object space 86016K, 84% used [0x00000000c0000000,0x00000000c46cc750,0x00000000c5400000)
 Metaspace       used 13947K, capacity 14580K, committed 14848K, reserved 1062912K
  class space    used 2083K, capacity 2249K, committed 2304K, reserved 1048576K
Event: 621.743 GC heap after
Heap after GC invocations=2419 (full 31):
 PSYoungGen      total 39936K, used 64K [0x00000000eab00000, 0x00000000f7b00000, 0x0000000100000000)
  eden space 39424K, 0% used [0x00000000eab00000,0x00000000eab00000,0x00000000ed180000)
  from space 512K, 12% used [0x00000000f7a80000,0x00000000f7a90000,0x00000000f7b00000)
  to   space 512K, 0% used [0x00000000f7a00000,0x00000000f7a00000,0x00000000f7a80000)
 ParOldGen       total 86016K, used 72497K [0x00000000c0000000, 0x00000000c5400000, 0x00000000eab00000)
  object space 86016K, 84% used [0x00000000c0000000,0x00000000c46cc750,0x00000000c5400000)
 Metaspace       used 13947K, capacity 14580K, committed 14848K, reserved 1062912K
  class space    used 2083K, capacity 2249K, committed 2304K, reserved 1048576K
}
Event: 621.743 GC heap before
{Heap before GC invocations=2420 (full 32):
 PSYoungGen      total 39936K, used 64K [0x00000000eab00000, 0x00000000f7b00000, 0x0000000100000000)
  eden space 39424K, 0% used [0x00000000eab00000,0x00000000eab00000,0x00000000ed180000)
  from space 512K, 12% used [0x00000000f7a80000,0x00000000f7a90000,0x00000000f7b00000)
  to   space 512K, 0% used [0x00000000f7a00000,0x00000000f7a00000,0x00000000f7a80000)
 ParOldGen       total 86016K, used 72497K [0x00000000c0000000, 0x00000000c5400000, 0x00000000eab00000)
  object space 86016K, 84% used [0x00000000c0000000,0x00000000c46cc750,0x00000000c5400000)
 Metaspace       used 13947K, capacity 14580K, committed 14848K, reserved 1062912K
  class space    used 2083K, capacity 2249K, committed 2304K, reserved 1048576K
Event: 621.835 GC heap after
Heap after GC invocations=2420 (full 32):
 PSYoungGen      total 39936K, used 0K [0x00000000eab00000, 0x00000000f7b00000, 0x0000000100000000)
  eden space 39424K, 0% used [0x00000000eab00000,0x00000000eab00000,0x00000000ed180000)
  from space 512K, 0% used [0x00000000f7a80000,0x00000000f7a80000,0x00000000f7b00000)
  to   space 512K, 0% used [0x00000000f7a00000,0x00000000f7a00000,0x00000000f7a80000)
 ParOldGen       total 86016K, used 72497K [0x00000000c0000000, 0x00000000c5400000, 0x00000000eab00000)
  object space 86016K, 84% used [0x00000000c0000000,0x00000000c46cc750,0x00000000c5400000)
 Metaspace       used 13947K, capacity 14580K, committed 14848K, reserved 1062912K
  class space    used 2083K, capacity 2249K, committed 2304K, reserved 1048576K
}

