# JRE version: Java(TM) SE Runtime Environment (8.0_261-b12) (build 1.8.0_261-b12)
# Java VM: Java HotSpot(TM) 64-Bit Server VM (25.261-b12 mixed mode windows-amd64 compressed oops)
Heap:
 PSYoungGen      total 25088K, used 2769K [0x00000000eab00000, 0x00000000f7780000, 0x0000000100000000)
  eden space 24576K, 11% used [0x00000000eab00000,0x00000000eada4578,0x00000000ec300000)
  from space 512K, 12% used [0x00000000f7680000,0x00000000f7690000,0x00000000f7700000)
  to   space 512K, 0% used [0x00000000f7700000,0x00000000f7700000,0x00000000f7780000)
 ParOldGen       total 86016K, used 73442K [0x00000000c0000000, 0x00000000c5400000, 0x00000000eab00000)
  object space 86016K, 85% used [0x00000000c0000000,0x00000000c47b89d8,0x00000000c5400000)
 Metaspace       used 13949K, capacity 14580K, committed 14848K, reserved 1062912K
  class space    used 2084K, capacity 2249K, committed 2304K, reserved 1048576K
GC Heap History (10 events):
Event: 206.744 GC heap before
{Heap before GC invocations=1665 (full 20):
 PSYoungGen      total 27648K, used 27264K [0x00000000eab00000, 0x00000000f7780000, 0x0000000100000000)
  eden space 27136K, 100% used [0x00000000eab00000,0x00000000ec580000,0x00000000ec580000)
  from space 512K, 25% used [0x00000000f7700000,0x00000000f7720000,0x00000000f7780000)
  to   space 512K, 0% used [0x00000000f7680000,0x00000000f7680000,0x00000000f7700000)
 ParOldGen       total 86016K, used 73442K [0x00000000c0000000, 0x00000000c5400000, 0x00000000eab00000)
  object space 86016K, 85% used [0x00000000c0000000,0x00000000c47b89d8,0x00000000c5400000)
 Metaspace       used 13944K, capacity 14580K, committed 14848K, reserved 1062912K
  class space    used 2082K, capacity 2249K, committed 2304K, reserved 1048576K
Event: 206.747 GC heap after
Heap after GC invocations=1665 (full 20):
 PSYoungGen      total 27136K, used 128K [0x00000000eab00000, 0x00000000f7780000, 0x0000000100000000)
  eden space 26624K, 0% used [0x00000000eab00000,0x00000000eab00000,0x00000000ec500000)
  from space 512K, 25% used [0x00000000f7680000,0x00000000f76a0000,0x00000000f7700000)
  to   space 512K, 0% used [0x00000000f7700000,0x00000000f7700000,0x00000000f7780000)
 ParOldGen       total 86016K, used 73442K [0x00000000c0000000, 0x00000000c5400000, 0x00000000eab00000)
  object space 86016K, 85% used [0x00000000c0000000,0x00000000c47b89d8,0x00000000c5400000)
 Metaspace       used 13944K, capacity 14580K, committed 14848K, reserved 1062912K
  class space    used 2082K, capacity 2249K, committed 2304K, reserved 1048576K
}
Event: 206.903 GC heap before
{Heap before GC invocations=1666 (full 20):
 PSYoungGen      total 27136K, used 26752K [0x00000000eab00000, 0x00000000f7780000, 0x0000000100000000)
  eden space 26624K, 100% used [0x00000000eab00000,0x00000000ec500000,0x00000000ec500000)
  from space 512K, 25% used [0x00000000f7680000,0x00000000f76a0000,0x00000000f7700000)
  to   space 512K, 0% used [0x00000000f7700000,0x00000000f7700000,0x00000000f7780000)
 ParOldGen       total 86016K, used 73442K [0x00000000c0000000, 0x00000000c5400000, 0x00000000eab00000)
  object space 86016K, 85% used [0x00000000c0000000,0x00000000c47b89d8,0x00000000c5400000)
 Metaspace       used 13944K, capacity 14580K, committed 14848K, reserved 1062912K
  class space    used 2082K, capacity 2249K, committed 2304K, reserved 1048576K
Event: 206.903 GC heap after
Heap after GC invocations=1666 (full 20):
 PSYoungGen      total 26624K, used 128K [0x00000000eab00000, 0x00000000f7780000, 0x0000000100000000)
  eden space 26112K, 0% used [0x00000000eab00000,0x00000000eab00000,0x00000000ec480000)
  from space 512K, 25% used [0x00000000f7700000,0x00000000f7720000,0x00000000f7780000)
  to   space 512K, 0% used [0x00000000f7680000,0x00000000f7680000,0x00000000f7700000)
 ParOldGen       total 86016K, used 73442K [0x00000000c0000000, 0x00000000c5400000, 0x00000000eab00000)
  object space 86016K, 85% used [0x00000000c0000000,0x00000000c47b89d8,0x00000000c5400000)
 Metaspace       used 13944K, capacity 14580K, committed 14848K, reserved 1062912K
  class space    used 2082K, capacity 2249K, committed 2304K, reserved 1048576K
}
Event: 207.032 GC heap before
{Heap before GC invocations=1667 (full 20):
 PSYoungGen      total 26624K, used 26240K [0x00000000eab00000, 0x00000000f7780000, 0x0000000100000000)
  eden space 26112K, 100% used [0x00000000eab00000,0x00000000ec480000,0x00000000ec480000)
  from space 512K, 25% used [0x00000000f7700000,0x00000000f7720000,0x00000000f7780000)
  to   space 512K, 0% used [0x00000000f7680000,0x00000000f7680000,0x00000000f7700000)
 ParOldGen       total 86016K, used 73442K [0x00000000c0000000, 0x00000000c5400000, 0x00000000eab00000)
  object space 86016K, 85% used [0x00000000c0000000,0x00000000c47b89d8,0x00000000c5400000)
 Metaspace       used 13944K, capacity 14580K, committed 14848K, reserved 1062912K
  class space    used 2082K, capacity 2249K, committed 2304K, reserved 1048576K
Event: 207.033 GC heap after
Heap after GC invocations=1667 (full 20):
 PSYoungGen      total 26112K, used 96K [0x00000000eab00000, 0x00000000f7780000, 0x0000000100000000)
  eden space 25600K, 0% used [0x00000000eab00000,0x00000000eab00000,0x00000000ec400000)
  from space 512K, 18% used [0x00000000f7680000,0x00000000f7698000,0x00000000f7700000)
  to   space 512K, 0% used [0x00000000f7700000,0x00000000f7700000,0x00000000f7780000)
 ParOldGen       total 86016K, used 73442K [0x00000000c0000000, 0x00000000c5400000, 0x00000000eab00000)
  object space 86016K, 85% used [0x00000000c0000000,0x00000000c47b89d8,0x00000000c5400000)
 Metaspace       used 13944K, capacity 14580K, committed 14848K, reserved 1062912K
  class space    used 2082K, capacity 2249K, committed 2304K, reserved 1048576K
}
Event: 207.183 GC heap before
{Heap before GC invocations=1668 (full 20):
 PSYoungGen      total 26112K, used 25696K [0x00000000eab00000, 0x00000000f7780000, 0x0000000100000000)
  eden space 25600K, 100% used [0x00000000eab00000,0x00000000ec400000,0x00000000ec400000)
  from space 512K, 18% used [0x00000000f7680000,0x00000000f7698000,0x00000000f7700000)
  to   space 512K, 0% used [0x00000000f7700000,0x00000000f7700000,0x00000000f7780000)
 ParOldGen       total 86016K, used 73442K [0x00000000c0000000, 0x00000000c5400000, 0x00000000eab00000)
  object space 86016K, 85% used [0x00000000c0000000,0x00000000c47b89d8,0x00000000c5400000)
 Metaspace       used 13944K, capacity 14580K, committed 14848K, reserved 1062912K
  class space    used 2082K, capacity 2249K, committed 2304K, reserved 1048576K
Event: 207.184 GC heap after
Heap after GC invocations=1668 (full 20):
 PSYoungGen      total 25600K, used 128K [0x00000000eab00000, 0x00000000f7780000, 0x0000000100000000)
  eden space 25088K, 0% used [0x00000000eab00000,0x00000000eab00000,0x00000000ec380000)
  from space 512K, 25% used [0x00000000f7700000,0x00000000f7720000,0x00000000f7780000)
  to   space 512K, 0% used [0x00000000f7680000,0x00000000f7680000,0x00000000f7700000)
 ParOldGen       total 86016K, used 73442K [0x00000000c0000000, 0x00000000c5400000, 0x00000000eab00000)
  object space 86016K, 85% used [0x00000000c0000000,0x00000000c47b89d8,0x00000000c5400000)
 Metaspace       used 13944K, capacity 14580K, committed 14848K, reserved 1062912K
  class space    used 2082K, capacity 2249K, committed 2304K, reserved 1048576K
}
Event: 207.396 GC heap before
{Heap before GC invocations=1669 (full 20):
 PSYoungGen      total 25600K, used 25215K [0x00000000eab00000, 0x00000000f7780000, 0x0000000100000000)
  eden space 25088K, 99% used [0x00000000eab00000,0x00000000ec37fff0,0x00000000ec380000)
  from space 512K, 25% used [0x00000000f7700000,0x00000000f7720000,0x00000000f7780000)
  to   space 512K, 0% used [0x00000000f7680000,0x00000000f7680000,0x00000000f7700000)
 ParOldGen       total 86016K, used 73442K [0x00000000c0000000, 0x00000000c5400000, 0x00000000eab00000)
  object space 86016K, 85% used [0x00000000c0000000,0x00000000c47b89d8,0x00000000c5400000)
 Metaspace       used 13944K, capacity 14580K, committed 14848K, reserved 1062912K
  class space    used 2082K, capacity 2249K, committed 2304K, reserved 1048576K
Event: 207.397 GC heap after
Heap after GC invocations=1669 (full 20):
 PSYoungGen      total 25088K, used 64K [0x00000000eab00000, 0x00000000f7780000, 0x0000000100000000)
  eden space 24576K, 0% used [0x00000000eab00000,0x00000000eab00000,0x00000000ec300000)
  from space 512K, 12% used [0x00000000f7680000,0x00000000f7690000,0x00000000f7700000)
  to   space 512K, 0% used [0x00000000f7700000,0x00000000f7700000,0x00000000f7780000)
 ParOldGen       total 86016K, used 73442K [0x00000000c0000000, 0x00000000c5400000, 0x00000000eab00000)
  object space 86016K, 85% used [0x00000000c0000000,0x00000000c47b89d8,0x00000000c5400000)
 Metaspace       used 13944K, capacity 14580K, committed 14848K, reserved 1062912K
  class space    used 2082K, capacity 2249K, committed 2304K, reserved 1048576K
}

